{
  "RSpec": {
    "coverage": {
      "/home/vadim/src/ruby/rlms/app/models/answer_variant.rb": [
        1,
        1,
        null,
        1,
        null
      ],
      "/home/vadim/src/ruby/rlms/app/models/course_participation.rb": [
        1,
        1,
        1,
        null,
        1,
        1,
        null
      ],
      "/home/vadim/src/ruby/rlms/app/models/course.rb": [
        1,
        1,
        null,
        1,
        null,
        1,
        1,
        null,
        1,
        1,
        null,
        32,
        30,
        null,
        9,
        null,
        1,
        21,
        null,
        null
      ],
      "/home/vadim/src/ruby/rlms/app/models/material.rb": [
        1,
        1,
        null,
        1,
        null,
        1,
        null,
        1,
        0,
        null,
        null
      ],
      "/home/vadim/src/ruby/rlms/app/uploaders/attachment_uploader.rb": [
        1,
        null,
        null,
        null,
        null,
        null,
        1,
        null,
        1,
        0,
        null,
        null,
        1,
        0,
        null,
        null
      ],
      "/home/vadim/src/ruby/rlms/app/models/question.rb": [
        1,
        1,
        null,
        1,
        null,
        1,
        null
      ],
      "/home/vadim/src/ruby/rlms/app/models/task.rb": [
        1,
        1,
        null,
        1,
        null,
        1,
        null,
        1,
        0,
        null,
        null
      ],
      "/home/vadim/src/ruby/rlms/app/models/topic.rb": [
        1,
        1,
        null,
        1,
        1,
        1,
        null,
        1,
        1,
        null,
        1,
        null,
        1,
        0,
        null,
        null
      ],
      "/home/vadim/src/ruby/rlms/app/controllers/learners/available_courses_controller.rb": [
        1,
        1,
        1,
        null,
        1,
        null,
        1,
        null,
        null
      ],
      "/home/vadim/src/ruby/rlms/app/controllers/learners/base_controller.rb": [
        1,
        1,
        1,
        null,
        null
      ],
      "/home/vadim/src/ruby/rlms/app/controllers/application_controller.rb": [
        1,
        1,
        null,
        1,
        null,
        1,
        null,
        1,
        null,
        1,
        null,
        1,
        76,
        null,
        null,
        1,
        49,
        32,
        17,
        3,
        14,
        0,
        null,
        14,
        14,
        null,
        null,
        null,
        1,
        null,
        1,
        14,
        null,
        14,
        null,
        null,
        1,
        19,
        19,
        null,
        null
      ],
      "/home/vadim/src/ruby/rlms/app/controllers/learners/course_participations_controller.rb": [
        1,
        1,
        1,
        null,
        1,
        null,
        1,
        1,
        null,
        1,
        null,
        null,
        1,
        0,
        null,
        0,
        null,
        null,
        1,
        null,
        1,
        null,
        null,
        1,
        null,
        null,
        null
      ],
      "/home/vadim/src/ruby/rlms/app/controllers/pages_controller.rb": [
        1,
        1,
        null,
        null
      ],
      "/home/vadim/src/ruby/rlms/app/controllers/teachers/courses_controller.rb": [
        1,
        1,
        1,
        null,
        1,
        null,
        1,
        1,
        null,
        1,
        3,
        null,
        null,
        1,
        null,
        1,
        3,
        3,
        null,
        3,
        null,
        null,
        1,
        5,
        null,
        null,
        1,
        null,
        1,
        3,
        null,
        3,
        null,
        null,
        1,
        null,
        1,
        6,
        null,
        null,
        null
      ],
      "/home/vadim/src/ruby/rlms/app/controllers/teachers/base_controller.rb": [
        1,
        1,
        1,
        null,
        null
      ],
      "/home/vadim/src/ruby/rlms/app/controllers/teachers/dashboard_controller.rb": [
        1,
        1,
        1,
        null,
        null
      ],
      "/home/vadim/src/ruby/rlms/app/controllers/learners/topics_controller.rb": [
        0,
        0,
        0,
        0,
        0,
        0,
        0,
        0,
        0,
        0
      ],
      "/home/vadim/src/ruby/rlms/app/controllers/learners/dashboard_controller.rb": [
        0,
        0,
        0,
        0,
        0
      ],
      "/home/vadim/src/ruby/rlms/app/controllers/learners/courses_controller.rb": [
        0,
        0,
        0,
        0,
        0,
        0,
        0,
        0,
        0,
        0,
        0,
        0
      ],
      "/home/vadim/src/ruby/rlms/app/controllers/api/v1/topics_controller.rb": [
        0,
        0,
        0,
        0,
        0,
        0,
        0,
        0,
        0,
        0,
        0,
        0,
        0,
        0,
        0,
        0,
        0,
        0,
        0,
        0,
        0,
        0,
        0,
        0,
        0,
        0,
        0,
        0,
        0
      ],
      "/home/vadim/src/ruby/rlms/app/controllers/api/v1/base_controller.rb": [
        0,
        0,
        0,
        0,
        0,
        0
      ],
      "/home/vadim/src/ruby/rlms/app/controllers/teachers/questions_controller.rb": [
        0,
        0,
        0,
        0,
        0,
        0,
        0,
        0,
        0,
        0,
        0,
        0,
        0,
        0,
        0,
        0,
        0,
        0,
        0,
        0,
        0,
        0,
        0
      ],
      "/home/vadim/src/ruby/rlms/app/controllers/teachers/topics_controller.rb": [
        0,
        0,
        0,
        0,
        0,
        0,
        0,
        0,
        0,
        0,
        0,
        0,
        0,
        0,
        0,
        0,
        0,
        0,
        0,
        0,
        0,
        0,
        0,
        0,
        0,
        0,
        0,
        0,
        0,
        0,
        0,
        0,
        0,
        0,
        0,
        0,
        0,
        0,
        0,
        0,
        0,
        0
      ],
      "/home/vadim/src/ruby/rlms/app/controllers/teachers/materials_controller.rb": [
        0,
        0,
        0,
        0,
        0,
        0,
        0,
        0,
        0,
        0,
        0,
        0,
        0,
        0,
        0,
        0,
        0,
        0,
        0,
        0,
        0,
        0,
        0,
        0
      ],
      "/home/vadim/src/ruby/rlms/app/controllers/teachers/tasks_controller.rb": [
        0,
        0,
        0,
        0,
        0,
        0,
        0,
        0,
        0,
        0,
        0,
        0,
        0,
        0,
        0,
        0,
        0,
        0,
        0,
        0,
        0,
        0,
        0,
        0
      ],
      "/home/vadim/src/ruby/rlms/app/controllers/teachers/answer_variants_controller.rb": [
        0,
        0,
        0,
        0,
        0,
        0,
        0,
        0,
        0,
        0,
        0,
        0,
        0,
        0,
        0,
        0,
        0,
        0,
        0,
        0,
        0,
        0,
        0,
        0,
        0
      ],
      "/home/vadim/src/ruby/rlms/app/models/teacher.rb": [
        0,
        0,
        0,
        0,
        0,
        0,
        0,
        0,
        0,
        0,
        0,
        0,
        0,
        0,
        0,
        0,
        0,
        0,
        0,
        0,
        0
      ],
      "/home/vadim/src/ruby/rlms/app/models/learner.rb": [
        0,
        0,
        0,
        0,
        0,
        0,
        0,
        0,
        0,
        0,
        0,
        0,
        0,
        0,
        0,
        0,
        0,
        0,
        0,
        0,
        0,
        0,
        0,
        0,
        0
      ],
      "/home/vadim/src/ruby/rlms/app/models/application_record.rb": [
        0,
        0,
        0
      ],
      "/home/vadim/src/ruby/rlms/app/models/administrator.rb": [
        0,
        0,
        0,
        0,
        0,
        0,
        0,
        0,
        0,
        0,
        0,
        0,
        0,
        0,
        0,
        0,
        0,
        0
      ],
      "/home/vadim/src/ruby/rlms/app/serializers/topic_serializer.rb": [
        0,
        0,
        0
      ],
      "/home/vadim/src/ruby/rlms/app/interactors/teachers/topics/build.rb": [
        0,
        0,
        0,
        0,
        0,
        0,
        0,
        0,
        0,
        0,
        0,
        0,
        0,
        0,
        0,
        0,
        0,
        0,
        0,
        0,
        0,
        0,
        0,
        0,
        0,
        0,
        0
      ],
      "/home/vadim/src/ruby/rlms/app/interactors/teachers/topics/remove_topic.rb": [
        0,
        0,
        0,
        0,
        0,
        0,
        0,
        0,
        0,
        0,
        0,
        0,
        0,
        0,
        0,
        0,
        0,
        0,
        0,
        0,
        0,
        0,
        0,
        0,
        0,
        0,
        0,
        0
      ],
      "/home/vadim/src/ruby/rlms/app/mailers/application_mailer.rb": [
        0,
        0,
        0,
        0
      ],
      "/home/vadim/src/ruby/rlms/app/jobs/application_job.rb": [
        0,
        0
      ]
    },
    "timestamp": 1521477356
  }
}
